<?xml version="1.0" encoding="UTF-8"?>
<!-- Generated by org.testng.reporters.JUnitXMLReporter -->
<testsuite ignored="0" hostname="LAPTOP-FBCFMIFP" failures="0" tests="3" name="Test" time="43.782" errors="0" timestamp="2020-06-08T11:18:40 EDT">
  <testcase classname="automationTest.ReservationCentreTest" name="reservation" time="21.684"/>
  <testcase classname="automationTest.HomePageTest" name="homePageNaviagation" time="0.043"/>
  <testcase classname="automationTest.VCarsTest" name="vTab" time="1.17"/>
</testsuite> <!-- Test -->
